<?xml version="1.0" encoding="UTF-8"?>
<testsuite xmlns:xsi="http://www.w3.org/2001/XMLSchema-instance" xsi:noNamespaceSchemaLocation="https://maven.apache.org/surefire/maven-surefire-plugin/xsd/surefire-test-report-3.0.xsd" version="3.0" name="com.proyecto.prolimpio.ProLimpioApplicationTests" time="14.247" tests="1" errors="0" skipped="0" failures="0">
  <properties>
[...]
</properties>
  <testcase name="contextLoads" classname="com.proyecto.prolimpio.ProLimpioApplicationTests" time="0.883">
    <system-out><![CDATA[10:35:13.693 [main] INFO org.springframework.test.context.support.AnnotationConfigContextLoaderUtils -- Could not detect default configuration classes for test class [com.proyecto.prolimpio.ProLimpioApplicationTests]: ProLimpioApplicationTests does not declare any static, non-private, non-final, nested classes annotated with @Configuration.
10:35:13.924 [main] INFO org.springframework.boot.test.context.SpringBootTestContextBootstrapper -- Found @SpringBootConfiguration com.proyecto.prolimpio.ProLimpioApplication for test class com.proyecto.prolimpio.ProLimpioApplicationTests

  .   ____          _            __ _ _
 /\\ / ___'_ __ _ _(_)_ __  __ _ \ \ \ \
( ( )\___ | '_ | '_| | '_ \/ _` | \ \ \ \
 \\/  ___)| |_)| | | | | || (_| |  ) ) ) )
  '  |____| .__|_| |_|_| |_\__, | / / / /
 =========|_|==============|___/=/_/_/_/
 :: Spring Boot ::                (v3.1.0)

2024-12-05T10:35:15.063-04:00  INFO 13796 --- [           main] c.p.prolimpio.ProLimpioApplicationTests  : Starting ProLimpioApplicationTests using Java 17.0.5 with PID 13796 (started by User in C:\Disco E\Spring-Boot\Jhonny\pro-limpio)
2024-12-05T10:35:15.073-04:00  INFO 13796 --- [           main] c.p.prolimpio.ProLimpioApplicationTests  : No active profile set, falling back to 1 default profile: "default"
2024-12-05T10:35:16.793-04:00  INFO 13796 --- [           main] .s.d.r.c.RepositoryConfigurationDelegate : Bootstrapping Spring Data JPA repositories in DEFAULT mode.
2024-12-05T10:35:16.862-04:00  INFO 13796 --- [           main] .s.d.r.c.RepositoryConfigurationDelegate : Finished Spring Data repository scanning in 41 ms. Found 0 JPA repository interfaces.
2024-12-05T10:35:17.743-04:00  INFO 13796 --- [           main] com.zaxxer.hikari.HikariDataSource       : HikariPool-1 - Starting...
2024-12-05T10:35:21.229-04:00  INFO 13796 --- [           main] com.zaxxer.hikari.pool.HikariPool        : HikariPool-1 - Added connection com.mysql.cj.jdbc.ConnectionImpl@c1e14f
2024-12-05T10:35:21.241-04:00  INFO 13796 --- [           main] com.zaxxer.hikari.HikariDataSource       : HikariPool-1 - Start completed.
2024-12-05T10:35:21.340-04:00  INFO 13796 --- [           main] o.hibernate.jpa.internal.util.LogHelper  : HHH000204: Processing PersistenceUnitInfo [name: default]
2024-12-05T10:35:21.492-04:00  INFO 13796 --- [           main] org.hibernate.Version                    : HHH000412: Hibernate ORM core version 6.2.5.Final
2024-12-05T10:35:21.496-04:00  INFO 13796 --- [           main] org.hibernate.cfg.Environment            : HHH000406: Using bytecode reflection optimizer
2024-12-05T10:35:21.892-04:00  INFO 13796 --- [           main] o.h.b.i.BytecodeProviderInitiator        : HHH000021: Bytecode provider name : bytebuddy
2024-12-05T10:35:22.297-04:00  INFO 13796 --- [           main] o.s.o.j.p.SpringPersistenceUnitInfo      : No LoadTimeWeaver setup: ignoring JPA class transformer
2024-12-05T10:35:22.709-04:00  WARN 13796 --- [           main] org.hibernate.orm.deprecation            : HHH90000026: MySQL8Dialect has been deprecated; use org.hibernate.dialect.MySQLDialect instead
2024-12-05T10:35:23.416-04:00  INFO 13796 --- [           main] o.h.b.i.BytecodeProviderInitiator        : HHH000021: Bytecode provider name : bytebuddy
2024-12-05T10:35:25.261-04:00  INFO 13796 --- [           main] o.h.e.t.j.p.i.JtaPlatformInitiator       : HHH000490: Using JtaPlatform implementation: [org.hibernate.engine.transaction.jta.platform.internal.NoJtaPlatform]
2024-12-05T10:35:25.267-04:00  INFO 13796 --- [           main] j.LocalContainerEntityManagerFactoryBean : Initialized JPA EntityManagerFactory for persistence unit 'default'
2024-12-05T10:35:26.060-04:00  WARN 13796 --- [           main] JpaBaseConfiguration$JpaWebConfiguration : spring.jpa.open-in-view is enabled by default. Therefore, database queries may be performed during view rendering. Explicitly configure spring.jpa.open-in-view to disable this warning
2024-12-05T10:35:26.408-04:00  INFO 13796 --- [           main] o.s.b.a.w.s.WelcomePageHandlerMapping    : Adding welcome page: class path resource [static/index.html]
2024-12-05T10:35:26.713-04:00  INFO 13796 --- [           main] c.p.prolimpio.ProLimpioApplicationTests  : Started ProLimpioApplicationTests in 12.386 seconds (process running for 14.66)
]]></system-out>
  </testcase>
</testsuite>